<?xml version="1.0" encoding="UTF-8"?>
<testsuite xmlns:xsi="http://www.w3.org/2001/XMLSchema-instance" xsi:noNamespaceSchemaLocation="https://maven.apache.org/surefire/maven-surefire-plugin/xsd/surefire-test-report.xsd" name="com.promineotech.incidentReport.AppTest" time="0.054" tests="1" errors="0" skipped="0" failures="0">
  <properties>
    <property name="sun.desktop" value="windows"/>
    <property name="awt.toolkit" value="sun.awt.windows.WToolkit"/>
    <property name="file.encoding.pkg" value="sun.io"/>
    <property name="java.specification.version" value="1.8"/>
    <property name="sun.cpu.isalist" value="amd64"/>
    <property name="sun.jnu.encoding" value="Cp1252"/>
    <property name="java.class.path" value="G:\Apache\maven-workplace\incidentReport\target\test-classes;G:\Apache\maven-workplace\incidentReport\target\classes;C:\Users\B5 Connections\.m2\repository\org\springframework\boot\spring-boot-starter-web\1.2.6.RELEASE\spring-boot-starter-web-1.2.6.RELEASE.jar;C:\Users\B5 Connections\.m2\repository\org\springframework\boot\spring-boot-starter\1.2.6.RELEASE\spring-boot-starter-1.2.6.RELEASE.jar;C:\Users\B5 Connections\.m2\repository\org\springframework\boot\spring-boot\1.2.6.RELEASE\spring-boot-1.2.6.RELEASE.jar;C:\Users\B5 Connections\.m2\repository\org\springframework\boot\spring-boot-autoconfigure\1.2.6.RELEASE\spring-boot-autoconfigure-1.2.6.RELEASE.jar;C:\Users\B5 Connections\.m2\repository\org\yaml\snakeyaml\1.14\snakeyaml-1.14.jar;C:\Users\B5 Connections\.m2\repository\org\springframework\boot\spring-boot-starter-tomcat\1.2.6.RELEASE\spring-boot-starter-tomcat-1.2.6.RELEASE.jar;C:\Users\B5 Connections\.m2\repository\org\apache\tomcat\embed\tomcat-embed-core\8.0.26\tomcat-embed-core-8.0.26.jar;C:\Users\B5 Connections\.m2\repository\org\apache\tomcat\embed\tomcat-embed-el\8.0.26\tomcat-embed-el-8.0.26.jar;C:\Users\B5 Connections\.m2\repository\org\apache\tomcat\embed\tomcat-embed-logging-juli\8.0.26\tomcat-embed-logging-juli-8.0.26.jar;C:\Users\B5 Connections\.m2\repository\org\apache\tomcat\embed\tomcat-embed-websocket\8.0.26\tomcat-embed-websocket-8.0.26.jar;C:\Users\B5 Connections\.m2\repository\com\fasterxml\jackson\core\jackson-databind\2.4.6\jackson-databind-2.4.6.jar;C:\Users\B5 Connections\.m2\repository\com\fasterxml\jackson\core\jackson-annotations\2.4.6\jackson-annotations-2.4.6.jar;C:\Users\B5 Connections\.m2\repository\com\fasterxml\jackson\core\jackson-core\2.4.6\jackson-core-2.4.6.jar;C:\Users\B5 Connections\.m2\repository\org\hibernate\hibernate-validator\5.1.3.Final\hibernate-validator-5.1.3.Final.jar;C:\Users\B5 Connections\.m2\repository\javax\validation\validation-api\1.1.0.Final\validation-api-1.1.0.Final.jar;C:\Users\B5 Connections\.m2\repository\org\jboss\logging\jboss-logging\3.1.3.GA\jboss-logging-3.1.3.GA.jar;C:\Users\B5 Connections\.m2\repository\com\fasterxml\classmate\1.0.0\classmate-1.0.0.jar;C:\Users\B5 Connections\.m2\repository\org\springframework\spring-core\4.1.7.RELEASE\spring-core-4.1.7.RELEASE.jar;C:\Users\B5 Connections\.m2\repository\org\springframework\spring-web\4.1.7.RELEASE\spring-web-4.1.7.RELEASE.jar;C:\Users\B5 Connections\.m2\repository\org\springframework\spring-aop\4.1.7.RELEASE\spring-aop-4.1.7.RELEASE.jar;C:\Users\B5 Connections\.m2\repository\aopalliance\aopalliance\1.0\aopalliance-1.0.jar;C:\Users\B5 Connections\.m2\repository\org\springframework\spring-beans\4.1.7.RELEASE\spring-beans-4.1.7.RELEASE.jar;C:\Users\B5 Connections\.m2\repository\org\springframework\spring-context\4.1.7.RELEASE\spring-context-4.1.7.RELEASE.jar;C:\Users\B5 Connections\.m2\repository\org\springframework\spring-webmvc\4.1.7.RELEASE\spring-webmvc-4.1.7.RELEASE.jar;C:\Users\B5 Connections\.m2\repository\org\springframework\spring-expression\4.1.7.RELEASE\spring-expression-4.1.7.RELEASE.jar;C:\Users\B5 Connections\.m2\repository\org\springframework\boot\spring-boot-starter-log4j2\1.2.6.RELEASE\spring-boot-starter-log4j2-1.2.6.RELEASE.jar;C:\Users\B5 Connections\.m2\repository\org\slf4j\jcl-over-slf4j\1.7.12\jcl-over-slf4j-1.7.12.jar;C:\Users\B5 Connections\.m2\repository\org\slf4j\jul-to-slf4j\1.7.12\jul-to-slf4j-1.7.12.jar;C:\Users\B5 Connections\.m2\repository\org\apache\logging\log4j\log4j-slf4j-impl\2.1\log4j-slf4j-impl-2.1.jar;C:\Users\B5 Connections\.m2\repository\org\apache\logging\log4j\log4j-api\2.1\log4j-api-2.1.jar;C:\Users\B5 Connections\.m2\repository\org\apache\logging\log4j\log4j-core\2.1\log4j-core-2.1.jar;C:\Users\B5 Connections\.m2\repository\org\springframework\boot\spring-boot-starter-test\1.2.6.RELEASE\spring-boot-starter-test-1.2.6.RELEASE.jar;C:\Users\B5 Connections\.m2\repository\org\mockito\mockito-core\1.10.19\mockito-core-1.10.19.jar;C:\Users\B5 Connections\.m2\repository\org\objenesis\objenesis\2.1\objenesis-2.1.jar;C:\Users\B5 Connections\.m2\repository\org\hamcrest\hamcrest-core\1.3\hamcrest-core-1.3.jar;C:\Users\B5 Connections\.m2\repository\org\hamcrest\hamcrest-library\1.3\hamcrest-library-1.3.jar;C:\Users\B5 Connections\.m2\repository\org\springframework\spring-test\4.1.7.RELEASE\spring-test-4.1.7.RELEASE.jar;C:\Users\B5 Connections\.m2\repository\mysql\mysql-connector-java\8.0.23\mysql-connector-java-8.0.23.jar;C:\Users\B5 Connections\.m2\repository\com\google\protobuf\protobuf-java\3.11.4\protobuf-java-3.11.4.jar;C:\Users\B5 Connections\.m2\repository\com\jayway\jsonpath\json-path\0.9.1\json-path-0.9.1.jar;C:\Users\B5 Connections\.m2\repository\net\minidev\json-smart\1.2\json-smart-1.2.jar;C:\Users\B5 Connections\.m2\repository\org\slf4j\slf4j-api\1.7.12\slf4j-api-1.7.12.jar;C:\Users\B5 Connections\.m2\repository\org\springframework\boot\spring-boot-starter-data-jpa\1.2.6.RELEASE\spring-boot-starter-data-jpa-1.2.6.RELEASE.jar;C:\Users\B5 Connections\.m2\repository\org\springframework\boot\spring-boot-starter-aop\1.2.6.RELEASE\spring-boot-starter-aop-1.2.6.RELEASE.jar;C:\Users\B5 Connections\.m2\repository\org\aspectj\aspectjrt\1.8.6\aspectjrt-1.8.6.jar;C:\Users\B5 Connections\.m2\repository\org\aspectj\aspectjweaver\1.8.6\aspectjweaver-1.8.6.jar;C:\Users\B5 Connections\.m2\repository\org\springframework\boot\spring-boot-starter-jdbc\1.2.6.RELEASE\spring-boot-starter-jdbc-1.2.6.RELEASE.jar;C:\Users\B5 Connections\.m2\repository\org\springframework\spring-jdbc\4.1.7.RELEASE\spring-jdbc-4.1.7.RELEASE.jar;C:\Users\B5 Connections\.m2\repository\org\apache\tomcat\tomcat-jdbc\8.0.26\tomcat-jdbc-8.0.26.jar;C:\Users\B5 Connections\.m2\repository\org\apache\tomcat\tomcat-juli\8.0.26\tomcat-juli-8.0.26.jar;C:\Users\B5 Connections\.m2\repository\org\springframework\spring-tx\4.1.7.RELEASE\spring-tx-4.1.7.RELEASE.jar;C:\Users\B5 Connections\.m2\repository\org\hibernate\hibernate-entitymanager\4.3.11.Final\hibernate-entitymanager-4.3.11.Final.jar;C:\Users\B5 Connections\.m2\repository\org\jboss\logging\jboss-logging-annotations\1.2.0.Beta1\jboss-logging-annotations-1.2.0.Beta1.jar;C:\Users\B5 Connections\.m2\repository\org\hibernate\hibernate-core\4.3.11.Final\hibernate-core-4.3.11.Final.jar;C:\Users\B5 Connections\.m2\repository\antlr\antlr\2.7.7\antlr-2.7.7.jar;C:\Users\B5 Connections\.m2\repository\org\jboss\jandex\1.1.0.Final\jandex-1.1.0.Final.jar;C:\Users\B5 Connections\.m2\repository\dom4j\dom4j\1.6.1\dom4j-1.6.1.jar;C:\Users\B5 Connections\.m2\repository\xml-apis\xml-apis\1.0.b2\xml-apis-1.0.b2.jar;C:\Users\B5 Connections\.m2\repository\org\hibernate\common\hibernate-commons-annotations\4.0.5.Final\hibernate-commons-annotations-4.0.5.Final.jar;C:\Users\B5 Connections\.m2\repository\org\hibernate\javax\persistence\hibernate-jpa-2.1-api\1.0.0.Final\hibernate-jpa-2.1-api-1.0.0.Final.jar;C:\Users\B5 Connections\.m2\repository\org\javassist\javassist\3.18.1-GA\javassist-3.18.1-GA.jar;C:\Users\B5 Connections\.m2\repository\javax\transaction\javax.transaction-api\1.2\javax.transaction-api-1.2.jar;C:\Users\B5 Connections\.m2\repository\org\springframework\spring-orm\4.1.7.RELEASE\spring-orm-4.1.7.RELEASE.jar;C:\Users\B5 Connections\.m2\repository\org\springframework\data\spring-data-jpa\1.7.3.RELEASE\spring-data-jpa-1.7.3.RELEASE.jar;C:\Users\B5 Connections\.m2\repository\org\springframework\data\spring-data-commons\1.9.3.RELEASE\spring-data-commons-1.9.3.RELEASE.jar;C:\Users\B5 Connections\.m2\repository\org\springframework\spring-aspects\4.1.7.RELEASE\spring-aspects-4.1.7.RELEASE.jar;C:\Users\B5 Connections\.m2\repository\org\springframework\security\spring-security-crypto\5.1.2.RELEASE\spring-security-crypto-5.1.2.RELEASE.jar;C:\Users\B5 Connections\.m2\repository\junit\junit\4.11\junit-4.11.jar;C:\Users\B5 Connections\.m2\repository\jakarta\xml\bind\jakarta.xml.bind-api\2.3.3\jakarta.xml.bind-api-2.3.3.jar;C:\Users\B5 Connections\.m2\repository\jakarta\activation\jakarta.activation-api\1.2.2\jakarta.activation-api-1.2.2.jar;C:\Users\B5 Connections\.m2\repository\org\glassfish\jaxb\jaxb-runtime\2.3.3\jaxb-runtime-2.3.3.jar;C:\Users\B5 Connections\.m2\repository\org\glassfish\jaxb\txw2\2.3.3\txw2-2.3.3.jar;C:\Users\B5 Connections\.m2\repository\com\sun\istack\istack-commons-runtime\3.0.11\istack-commons-runtime-3.0.11.jar;C:\Users\B5 Connections\.m2\repository\com\sun\activation\jakarta.activation\1.2.2\jakarta.activation-1.2.2.jar;C:\Users\B5 Connections\.m2\repository\javax\xml\bind\jaxb-api\2.3.0\jaxb-api-2.3.0.jar;"/>
    <property name="java.vm.vendor" value="Oracle Corporation"/>
    <property name="sun.arch.data.model" value="64"/>
    <property name="user.variant" value=""/>
    <property name="java.vendor.url" value="http://java.oracle.com/"/>
    <property name="user.timezone" value="America/Chicago"/>
    <property name="java.vm.specification.version" value="1.8"/>
    <property name="os.name" value="Windows 10"/>
    <property name="user.country" value="US"/>
    <property name="sun.java.launcher" value="SUN_STANDARD"/>
    <property name="sun.boot.library.path" value="C:\Program Files\Java\jdk1.8.0_281\jre\bin"/>
    <property name="sun.java.command" value="C:\Users\B5CONN~1\AppData\Local\Temp\surefire2808571120751273014\surefirebooter3305689600016118343.jar C:\Users\B5 Connections\AppData\Local\Temp\surefire2808571120751273014 2021-04-12T10-49-24_095-jvmRun1 surefire7969795415581999368tmp surefire_08279068142859707049tmp"/>
    <property name="surefire.test.class.path" value="G:\Apache\maven-workplace\incidentReport\target\test-classes;G:\Apache\maven-workplace\incidentReport\target\classes;C:\Users\B5 Connections\.m2\repository\org\springframework\boot\spring-boot-starter-web\1.2.6.RELEASE\spring-boot-starter-web-1.2.6.RELEASE.jar;C:\Users\B5 Connections\.m2\repository\org\springframework\boot\spring-boot-starter\1.2.6.RELEASE\spring-boot-starter-1.2.6.RELEASE.jar;C:\Users\B5 Connections\.m2\repository\org\springframework\boot\spring-boot\1.2.6.RELEASE\spring-boot-1.2.6.RELEASE.jar;C:\Users\B5 Connections\.m2\repository\org\springframework\boot\spring-boot-autoconfigure\1.2.6.RELEASE\spring-boot-autoconfigure-1.2.6.RELEASE.jar;C:\Users\B5 Connections\.m2\repository\org\yaml\snakeyaml\1.14\snakeyaml-1.14.jar;C:\Users\B5 Connections\.m2\repository\org\springframework\boot\spring-boot-starter-tomcat\1.2.6.RELEASE\spring-boot-starter-tomcat-1.2.6.RELEASE.jar;C:\Users\B5 Connections\.m2\repository\org\apache\tomcat\embed\tomcat-embed-core\8.0.26\tomcat-embed-core-8.0.26.jar;C:\Users\B5 Connections\.m2\repository\org\apache\tomcat\embed\tomcat-embed-el\8.0.26\tomcat-embed-el-8.0.26.jar;C:\Users\B5 Connections\.m2\repository\org\apache\tomcat\embed\tomcat-embed-logging-juli\8.0.26\tomcat-embed-logging-juli-8.0.26.jar;C:\Users\B5 Connections\.m2\repository\org\apache\tomcat\embed\tomcat-embed-websocket\8.0.26\tomcat-embed-websocket-8.0.26.jar;C:\Users\B5 Connections\.m2\repository\com\fasterxml\jackson\core\jackson-databind\2.4.6\jackson-databind-2.4.6.jar;C:\Users\B5 Connections\.m2\repository\com\fasterxml\jackson\core\jackson-annotations\2.4.6\jackson-annotations-2.4.6.jar;C:\Users\B5 Connections\.m2\repository\com\fasterxml\jackson\core\jackson-core\2.4.6\jackson-core-2.4.6.jar;C:\Users\B5 Connections\.m2\repository\org\hibernate\hibernate-validator\5.1.3.Final\hibernate-validator-5.1.3.Final.jar;C:\Users\B5 Connections\.m2\repository\javax\validation\validation-api\1.1.0.Final\validation-api-1.1.0.Final.jar;C:\Users\B5 Connections\.m2\repository\org\jboss\logging\jboss-logging\3.1.3.GA\jboss-logging-3.1.3.GA.jar;C:\Users\B5 Connections\.m2\repository\com\fasterxml\classmate\1.0.0\classmate-1.0.0.jar;C:\Users\B5 Connections\.m2\repository\org\springframework\spring-core\4.1.7.RELEASE\spring-core-4.1.7.RELEASE.jar;C:\Users\B5 Connections\.m2\repository\org\springframework\spring-web\4.1.7.RELEASE\spring-web-4.1.7.RELEASE.jar;C:\Users\B5 Connections\.m2\repository\org\springframework\spring-aop\4.1.7.RELEASE\spring-aop-4.1.7.RELEASE.jar;C:\Users\B5 Connections\.m2\repository\aopalliance\aopalliance\1.0\aopalliance-1.0.jar;C:\Users\B5 Connections\.m2\repository\org\springframework\spring-beans\4.1.7.RELEASE\spring-beans-4.1.7.RELEASE.jar;C:\Users\B5 Connections\.m2\repository\org\springframework\spring-context\4.1.7.RELEASE\spring-context-4.1.7.RELEASE.jar;C:\Users\B5 Connections\.m2\repository\org\springframework\spring-webmvc\4.1.7.RELEASE\spring-webmvc-4.1.7.RELEASE.jar;C:\Users\B5 Connections\.m2\repository\org\springframework\spring-expression\4.1.7.RELEASE\spring-expression-4.1.7.RELEASE.jar;C:\Users\B5 Connections\.m2\repository\org\springframework\boot\spring-boot-starter-log4j2\1.2.6.RELEASE\spring-boot-starter-log4j2-1.2.6.RELEASE.jar;C:\Users\B5 Connections\.m2\repository\org\slf4j\jcl-over-slf4j\1.7.12\jcl-over-slf4j-1.7.12.jar;C:\Users\B5 Connections\.m2\repository\org\slf4j\jul-to-slf4j\1.7.12\jul-to-slf4j-1.7.12.jar;C:\Users\B5 Connections\.m2\repository\org\apache\logging\log4j\log4j-slf4j-impl\2.1\log4j-slf4j-impl-2.1.jar;C:\Users\B5 Connections\.m2\repository\org\apache\logging\log4j\log4j-api\2.1\log4j-api-2.1.jar;C:\Users\B5 Connections\.m2\repository\org\apache\logging\log4j\log4j-core\2.1\log4j-core-2.1.jar;C:\Users\B5 Connections\.m2\repository\org\springframework\boot\spring-boot-starter-test\1.2.6.RELEASE\spring-boot-starter-test-1.2.6.RELEASE.jar;C:\Users\B5 Connections\.m2\repository\org\mockito\mockito-core\1.10.19\mockito-core-1.10.19.jar;C:\Users\B5 Connections\.m2\repository\org\objenesis\objenesis\2.1\objenesis-2.1.jar;C:\Users\B5 Connections\.m2\repository\org\hamcrest\hamcrest-core\1.3\hamcrest-core-1.3.jar;C:\Users\B5 Connections\.m2\repository\org\hamcrest\hamcrest-library\1.3\hamcrest-library-1.3.jar;C:\Users\B5 Connections\.m2\repository\org\springframework\spring-test\4.1.7.RELEASE\spring-test-4.1.7.RELEASE.jar;C:\Users\B5 Connections\.m2\repository\mysql\mysql-connector-java\8.0.23\mysql-connector-java-8.0.23.jar;C:\Users\B5 Connections\.m2\repository\com\google\protobuf\protobuf-java\3.11.4\protobuf-java-3.11.4.jar;C:\Users\B5 Connections\.m2\repository\com\jayway\jsonpath\json-path\0.9.1\json-path-0.9.1.jar;C:\Users\B5 Connections\.m2\repository\net\minidev\json-smart\1.2\json-smart-1.2.jar;C:\Users\B5 Connections\.m2\repository\org\slf4j\slf4j-api\1.7.12\slf4j-api-1.7.12.jar;C:\Users\B5 Connections\.m2\repository\org\springframework\boot\spring-boot-starter-data-jpa\1.2.6.RELEASE\spring-boot-starter-data-jpa-1.2.6.RELEASE.jar;C:\Users\B5 Connections\.m2\repository\org\springframework\boot\spring-boot-starter-aop\1.2.6.RELEASE\spring-boot-starter-aop-1.2.6.RELEASE.jar;C:\Users\B5 Connections\.m2\repository\org\aspectj\aspectjrt\1.8.6\aspectjrt-1.8.6.jar;C:\Users\B5 Connections\.m2\repository\org\aspectj\aspectjweaver\1.8.6\aspectjweaver-1.8.6.jar;C:\Users\B5 Connections\.m2\repository\org\springframework\boot\spring-boot-starter-jdbc\1.2.6.RELEASE\spring-boot-starter-jdbc-1.2.6.RELEASE.jar;C:\Users\B5 Connections\.m2\repository\org\springframework\spring-jdbc\4.1.7.RELEASE\spring-jdbc-4.1.7.RELEASE.jar;C:\Users\B5 Connections\.m2\repository\org\apache\tomcat\tomcat-jdbc\8.0.26\tomcat-jdbc-8.0.26.jar;C:\Users\B5 Connections\.m2\repository\org\apache\tomcat\tomcat-juli\8.0.26\tomcat-juli-8.0.26.jar;C:\Users\B5 Connections\.m2\repository\org\springframework\spring-tx\4.1.7.RELEASE\spring-tx-4.1.7.RELEASE.jar;C:\Users\B5 Connections\.m2\repository\org\hibernate\hibernate-entitymanager\4.3.11.Final\hibernate-entitymanager-4.3.11.Final.jar;C:\Users\B5 Connections\.m2\repository\org\jboss\logging\jboss-logging-annotations\1.2.0.Beta1\jboss-logging-annotations-1.2.0.Beta1.jar;C:\Users\B5 Connections\.m2\repository\org\hibernate\hibernate-core\4.3.11.Final\hibernate-core-4.3.11.Final.jar;C:\Users\B5 Connections\.m2\repository\antlr\antlr\2.7.7\antlr-2.7.7.jar;C:\Users\B5 Connections\.m2\repository\org\jboss\jandex\1.1.0.Final\jandex-1.1.0.Final.jar;C:\Users\B5 Connections\.m2\repository\dom4j\dom4j\1.6.1\dom4j-1.6.1.jar;C:\Users\B5 Connections\.m2\repository\xml-apis\xml-apis\1.0.b2\xml-apis-1.0.b2.jar;C:\Users\B5 Connections\.m2\repository\org\hibernate\common\hibernate-commons-annotations\4.0.5.Final\hibernate-commons-annotations-4.0.5.Final.jar;C:\Users\B5 Connections\.m2\repository\org\hibernate\javax\persistence\hibernate-jpa-2.1-api\1.0.0.Final\hibernate-jpa-2.1-api-1.0.0.Final.jar;C:\Users\B5 Connections\.m2\repository\org\javassist\javassist\3.18.1-GA\javassist-3.18.1-GA.jar;C:\Users\B5 Connections\.m2\repository\javax\transaction\javax.transaction-api\1.2\javax.transaction-api-1.2.jar;C:\Users\B5 Connections\.m2\repository\org\springframework\spring-orm\4.1.7.RELEASE\spring-orm-4.1.7.RELEASE.jar;C:\Users\B5 Connections\.m2\repository\org\springframework\data\spring-data-jpa\1.7.3.RELEASE\spring-data-jpa-1.7.3.RELEASE.jar;C:\Users\B5 Connections\.m2\repository\org\springframework\data\spring-data-commons\1.9.3.RELEASE\spring-data-commons-1.9.3.RELEASE.jar;C:\Users\B5 Connections\.m2\repository\org\springframework\spring-aspects\4.1.7.RELEASE\spring-aspects-4.1.7.RELEASE.jar;C:\Users\B5 Connections\.m2\repository\org\springframework\security\spring-security-crypto\5.1.2.RELEASE\spring-security-crypto-5.1.2.RELEASE.jar;C:\Users\B5 Connections\.m2\repository\junit\junit\4.11\junit-4.11.jar;C:\Users\B5 Connections\.m2\repository\jakarta\xml\bind\jakarta.xml.bind-api\2.3.3\jakarta.xml.bind-api-2.3.3.jar;C:\Users\B5 Connections\.m2\repository\jakarta\activation\jakarta.activation-api\1.2.2\jakarta.activation-api-1.2.2.jar;C:\Users\B5 Connections\.m2\repository\org\glassfish\jaxb\jaxb-runtime\2.3.3\jaxb-runtime-2.3.3.jar;C:\Users\B5 Connections\.m2\repository\org\glassfish\jaxb\txw2\2.3.3\txw2-2.3.3.jar;C:\Users\B5 Connections\.m2\repository\com\sun\istack\istack-commons-runtime\3.0.11\istack-commons-runtime-3.0.11.jar;C:\Users\B5 Connections\.m2\repository\com\sun\activation\jakarta.activation\1.2.2\jakarta.activation-1.2.2.jar;C:\Users\B5 Connections\.m2\repository\javax\xml\bind\jaxb-api\2.3.0\jaxb-api-2.3.0.jar;"/>
    <property name="sun.cpu.endian" value="little"/>
    <property name="user.home" value="C:\Users\B5 Connections"/>
    <property name="user.language" value="en"/>
    <property name="java.specification.vendor" value="Oracle Corporation"/>
    <property name="java.home" value="C:\Program Files\Java\jdk1.8.0_281\jre"/>
    <property name="basedir" value="G:\Apache\maven-workplace\incidentReport"/>
    <property name="file.separator" value="\"/>
    <property name="line.separator" value="&#10;"/>
    <property name="java.vm.specification.vendor" value="Oracle Corporation"/>
    <property name="java.specification.name" value="Java Platform API Specification"/>
    <property name="java.awt.graphicsenv" value="sun.awt.Win32GraphicsEnvironment"/>
    <property name="surefire.real.class.path" value="C:\Users\B5CONN~1\AppData\Local\Temp\surefire2808571120751273014\surefirebooter3305689600016118343.jar"/>
    <property name="sun.boot.class.path" value="C:\Program Files\Java\jdk1.8.0_281\jre\lib\resources.jar;C:\Program Files\Java\jdk1.8.0_281\jre\lib\rt.jar;C:\Program Files\Java\jdk1.8.0_281\jre\lib\sunrsasign.jar;C:\Program Files\Java\jdk1.8.0_281\jre\lib\jsse.jar;C:\Program Files\Java\jdk1.8.0_281\jre\lib\jce.jar;C:\Program Files\Java\jdk1.8.0_281\jre\lib\charsets.jar;C:\Program Files\Java\jdk1.8.0_281\jre\lib\jfr.jar;C:\Program Files\Java\jdk1.8.0_281\jre\classes"/>
    <property name="user.script" value=""/>
    <property name="sun.management.compiler" value="HotSpot 64-Bit Tiered Compilers"/>
    <property name="java.runtime.version" value="1.8.0_281-b09"/>
    <property name="user.name" value="B5 Connections"/>
    <property name="path.separator" value=";"/>
    <property name="os.version" value="10.0"/>
    <property name="java.endorsed.dirs" value="C:\Program Files\Java\jdk1.8.0_281\jre\lib\endorsed"/>
    <property name="java.runtime.name" value="Java(TM) SE Runtime Environment"/>
    <property name="file.encoding" value="Cp1252"/>
    <property name="java.vm.name" value="Java HotSpot(TM) 64-Bit Server VM"/>
    <property name="localRepository" value="C:\Users\B5 Connections\.m2\repository"/>
    <property name="java.vendor.url.bug" value="http://bugreport.sun.com/bugreport/"/>
    <property name="java.io.tmpdir" value="C:\Users\B5CONN~1\AppData\Local\Temp\"/>
    <property name="java.version" value="1.8.0_281"/>
    <property name="user.dir" value="G:\Apache\maven-workplace\incidentReport"/>
    <property name="os.arch" value="amd64"/>
    <property name="java.vm.specification.name" value="Java Virtual Machine Specification"/>
    <property name="java.awt.printerjob" value="sun.awt.windows.WPrinterJob"/>
    <property name="sun.os.patch.level" value=""/>
    <property name="java.library.path" value="C:\Program Files\Java\jdk1.8.0_281\jre\bin;C:\Windows\Sun\Java\bin;C:\Windows\system32;C:\Windows;C:\Python39\Scripts\;C:\Python39\;C:\Program Files (x86)\Common Files\Oracle\Java\javapath;C:\Windows\system32;C:\Windows;C:\Windows\System32\Wbem;C:\Windows\System32\WindowsPowerShell\v1.0\;C:\Windows\System32\OpenSSH\;C:\Program Files (x86)\NVIDIA Corporation\PhysX\Common;C:\Program Files\NVIDIA Corporation\NVIDIA NvDLISR;C:\Program Files\Git\cmd;C:\Program Files\MySQL\MySQL Server 8.0\bin;G:\Apache\apache-maven-3.6.3\bin;C:\Program Files\Java\jdk1.8.0_281\bin;C:\Program Files\nodejs\;C:\ProgramData\chocolatey\bin;C:\Program Files\MySQL\MySQL Shell 8.0\bin\;C:\Users\B5 Connections\AppData\Local\Microsoft\WindowsApps;C:\Users\B5 Connections\AppData\Local\GitHubDesktop\bin;C:\Users\B5 Connections\AppData\Local\Programs\Microsoft VS Code\bin;C:\Users\B5 Connections\AppData\Local\gitkraken\bin;C:\Users\B5 Connections\AppData\Local\atom\bin;C:\Users\B5 Connections\AppData\Roaming\npm;."/>
    <property name="java.vm.info" value="mixed mode"/>
    <property name="java.vendor" value="Oracle Corporation"/>
    <property name="java.vm.version" value="25.281-b09"/>
    <property name="java.ext.dirs" value="C:\Program Files\Java\jdk1.8.0_281\jre\lib\ext;C:\Windows\Sun\Java\lib\ext"/>
    <property name="sun.io.unicode.encoding" value="UnicodeLittle"/>
    <property name="java.class.version" value="52.0"/>
  </properties>
  <testcase name="shouldAnswerWithTrue" classname="com.promineotech.incidentReport.AppTest" time="0.002"/>
</testsuite>